<?xml version="1.0" encoding="UTF-8" ?>
<testsuite failures="1" time="214.414" errors="0" skipped="0" tests="1" name="org.exoplatform.selenium.Test_SNF_ECMS_29_AddLanguage">
  <properties>
[...]
</properties>
  <testcase time="214.409" classname="org.exoplatform.selenium.Test_SNF_ECMS_29_AddLanguage" name="testSNF_ECMS_29_AddLanguage">
    <failure message="waitForElementPresent reached a timeout (90s)" type="junit.framework.AssertionFailedError">junit.framework.AssertionFailedError: waitForElementPresent reached a timeout (90s)
	at junit.framework.Assert.fail(Assert.java:47)
	at org.exoplatform.selenium.Test_SNF_ECMS_29_AddLanguage.testSNF_ECMS_29_AddLanguage(Test_SNF_ECMS_29_AddLanguage.java:315)
	at sun.reflect.NativeMethodAccessorImpl.invoke0(Native Method)
	at sun.reflect.NativeMethodAccessorImpl.invoke(NativeMethodAccessorImpl.java:39)
	at sun.reflect.DelegatingMethodAccessorImpl.invoke(DelegatingMethodAccessorImpl.java:25)
	at java.lang.reflect.Method.invoke(Method.java:597)
	at junit.framework.TestCase.runTest(TestCase.java:164)
	at junit.framework.TestCase.runBare(TestCase.java:130)
	at com.thoughtworks.selenium.SeleneseTestCase.runBare(SeleneseTestCase.java:212)
	at junit.framework.TestResult$1.protect(TestResult.java:110)
	at junit.framework.TestResult.runProtected(TestResult.java:128)
	at junit.framework.TestResult.run(TestResult.java:113)
	at junit.framework.TestCase.run(TestCase.java:120)
	at junit.framework.TestSuite.runTest(TestSuite.java:228)
	at junit.framework.TestSuite.run(TestSuite.java:223)
	at org.junit.internal.runners.OldTestClassRunner.run(OldTestClassRunner.java:35)
	at org.apache.maven.surefire.junit4.JUnit4TestSet.execute(JUnit4TestSet.java:59)
	at org.apache.maven.surefire.suite.AbstractDirectoryTestSuite.executeTestSet(AbstractDirectoryTestSuite.java:120)
	at org.apache.maven.surefire.suite.AbstractDirectoryTestSuite.execute(AbstractDirectoryTestSuite.java:103)
	at org.apache.maven.surefire.Surefire.run(Surefire.java:169)
	at sun.reflect.NativeMethodAccessorImpl.invoke0(Native Method)
	at sun.reflect.NativeMethodAccessorImpl.invoke(NativeMethodAccessorImpl.java:39)
	at sun.reflect.DelegatingMethodAccessorImpl.invoke(DelegatingMethodAccessorImpl.java:25)
	at java.lang.reflect.Method.invoke(Method.java:597)
	at org.apache.maven.surefire.booter.SurefireBooter.runSuitesInProcess(SurefireBooter.java:350)
	at org.apache.maven.surefire.booter.SurefireBooter.main(SurefireBooter.java:1021)
</failure>
    <system-out>* Log in
* Create Article in  Sites management/ acme
-- Go to Site Explorer
-- Click Show Drives
-- Choose link=Sites Management
-- Choose acme
-- Click Add Content
-- Choose Article template
-- Go to Collaboration tab
-- Click Add/ Edit Localised Contents on action bar
</system-out>
  </testcase>
</testsuite>